2017-12-14 20:31:57 [127.0.0.1][-][-][error][yii\web\HttpException:404] exception 'yii\base\InvalidRouteException' with message 'Unable to resolve the request "".' in C:\OSPanel\domains\npc\vendor\yiisoft\yii2\base\Module.php:532
Stack trace:
#0 C:\OSPanel\domains\npc\vendor\yiisoft\yii2\web\Application.php(102): yii\base\Module->runAction('', Array)
#1 C:\OSPanel\domains\npc\vendor\yiisoft\yii2\base\Application.php(380): yii\web\Application->handleRequest(Object(yii\web\Request))
#2 C:\OSPanel\domains\npc\web\index.php(12): yii\base\Application->run()
#3 {main}

Next exception 'yii\web\NotFoundHttpException' with message 'Page not found.' in C:\OSPanel\domains\npc\vendor\yiisoft\yii2\web\Application.php:114
Stack trace:
#0 C:\OSPanel\domains\npc\vendor\yiisoft\yii2\base\Application.php(380): yii\web\Application->handleRequest(Object(yii\web\Request))
#1 C:\OSPanel\domains\npc\web\index.php(12): yii\base\Application->run()
#2 {main}
2017-12-14 20:31:57 [127.0.0.1][-][-][info][application] $_COOKIE = [
    '_csrf' => 'd809ad0c36e7cd38ed723c389d73c47249b833f2e588edecb26b3cd1bdeff8a3a:2:{i:0;s:5:\"_csrf\";i:1;s:32:\"¹w¬+6¼/2Ò]`cal©n´FfnY\"îZ£#tW\";}'
    'PHPSESSID' => 's9tol6v301n5o5da1do46lim64'
]

$_SERVER = [
    'REDIRECT_STATUS' => '200'
    'HTTP_HOST' => 'zavod-pet'
    'HTTP_CONNECTION' => 'keep-alive'
    'HTTP_USER_AGENT' => 'Mozilla/5.0 (Windows NT 6.1; Win64; x64) AppleWebKit/537.36 (KHTML, like Gecko) Chrome/63.0.3239.84 Safari/537.36'
    'HTTP_UPGRADE_INSECURE_REQUESTS' => '1'
    'HTTP_ACCEPT' => 'text/html,application/xhtml+xml,application/xml;q=0.9,image/webp,image/apng,*/*;q=0.8'
    'HTTP_ACCEPT_ENCODING' => 'gzip, deflate'
    'HTTP_ACCEPT_LANGUAGE' => 'ru-RU,ru;q=0.9,en-US;q=0.8,en;q=0.7'
    'HTTP_COOKIE' => '_csrf=d809ad0c36e7cd38ed723c389d73c47249b833f2e588edecb26b3cd1bdeff8a3a%3A2%3A%7Bi%3A0%3Bs%3A5%3A%22_csrf%22%3Bi%3A1%3Bs%3A32%3A%22%B9w%AC%2B6%BC%2F2%D2%5D%60cal%A9%0B%12n%B4FfnY%22%EE%1BZ%A3%1C%23tW%22%3B%7D; PHPSESSID=s9tol6v301n5o5da1do46lim64'
    'HTTP_X_COMPRESS' => 'null'
    'PATH' => 'c:\\ospanel\\modules\\php\\PHP-5.6\\ext;c:\\ospanel\\modules\\php\\PHP-5.6\\pear;c:\\ospanel\\modules\\php\\PHP-5.6\\pear\\bin;c:\\ospanel\\modules\\php\\PHP-5.6;c:\\ospanel\\modules\\wget\\bin;c:\\ospanel\\modules\\database\\MySQL-5.6\\bin;c:\\ospanel\\modules\\http\\Apache-2.4\\bin;c:\\ospanel\\modules\\http\\Apache-2.4;C:\\Windows\\system32;C:\\Windows;C:\\Windows\\system32\\Wbem;C:\\Windows\\SysWOW64'
    'SystemRoot' => 'C:\\Windows'
    'COMSPEC' => 'C:\\Windows\\system32\\cmd.exe'
    'PATHEXT' => '.COM;.EXE;.BAT;.CMD;.VBS;.VBE;.JS;.JSE;.WSF;.WSH;.MSC'
    'WINDIR' => 'C:\\Windows'
    'SERVER_SIGNATURE' => ''
    'SERVER_SOFTWARE' => 'Apache'
    'SERVER_NAME' => 'zavod-pet'
    'SERVER_ADDR' => '127.0.0.1'
    'SERVER_PORT' => '80'
    'REMOTE_ADDR' => '127.0.0.1'
    'DOCUMENT_ROOT' => 'C:/OSPanel/domains/npc'
    'REQUEST_SCHEME' => 'http'
    'CONTEXT_PREFIX' => ''
    'CONTEXT_DOCUMENT_ROOT' => 'C:/OSPanel/domains/npc'
    'SERVER_ADMIN' => '[no address given]'
    'SCRIPT_FILENAME' => 'C:/OSPanel/domains/npc/web/index.php'
    'REMOTE_PORT' => '59343'
    'REDIRECT_URL' => '/'
    'GATEWAY_INTERFACE' => 'CGI/1.1'
    'SERVER_PROTOCOL' => 'HTTP/1.1'
    'REQUEST_METHOD' => 'GET'
    'QUERY_STRING' => ''
    'REQUEST_URI' => '/'
    'SCRIPT_NAME' => '/web/index.php'
    'PHP_SELF' => '/web/index.php'
    'REQUEST_TIME_FLOAT' => 1513272717.896
    'REQUEST_TIME' => 1513272717
    'argv' => []
    'argc' => 0
]
